# JRE version: 7.0_11-b21
# Java VM: Java HotSpot(TM) 64-Bit Server VM (23.6-b04 mixed mode windows-amd64 compressed oops)
Heap
 PSYoungGen      total 26560K, used 25484K [0x00000000fa000000, 0x00000000fcae0000, 0x0000000100000000)
  eden space 25024K, 95% used [0x00000000fa000000,0x00000000fb765a38,0x00000000fb870000)
  from space 1536K, 99% used [0x00000000fc8a0000,0x00000000fca1d890,0x00000000fca20000)
  to   space 768K, 0% used [0x00000000fca20000,0x00000000fca20000,0x00000000fcae0000)
 ParOldGen       total 119168K, used 103482K [0x00000000e8000000, 0x00000000ef460000, 0x00000000fa000000)
  object space 119168K, 86% used [0x00000000e8000000,0x00000000ee50ebb0,0x00000000ef460000)
 PSPermGen       total 79424K, used 77604K [0x00000000e0000000, 0x00000000e4d90000, 0x00000000e8000000)
  object space 79424K, 97% used [0x00000000e0000000,0x00000000e4bc9090,0x00000000e4d90000)
GC Heap History (10 events):
Event: 741286.369 GC heap before
{Heap before GC invocations=15203 (full 69):
 PSYoungGen      total 28864K, used 28809K [0x00000000fa000000, 0x00000000fcd50000, 0x0000000100000000)
  eden space 28096K, 100% used [0x00000000fa000000,0x00000000fbb70000,0x00000000fbb70000)
  from space 768K, 92% used [0x00000000fcac0000,0x00000000fcb727b0,0x00000000fcb80000)
  to   space 1536K, 0% used [0x00000000fcbd0000,0x00000000fcbd0000,0x00000000fcd50000)
 ParOldGen       total 118976K, used 104757K [0x00000000e8000000, 0x00000000ef430000, 0x00000000fa000000)
  object space 118976K, 88% used [0x00000000e8000000,0x00000000ee64d6d8,0x00000000ef430000)
 PSPermGen       total 80000K, used 77930K [0x00000000e0000000, 0x00000000e4e20000, 0x00000000e8000000)
  object space 80000K, 97% used [0x00000000e0000000,0x00000000e4c1ab38,0x00000000e4e20000)
Event: 741286.372 GC heap after
Heap after GC invocations=15203 (full 69):
 PSYoungGen      total 28032K, used 753K [0x00000000fa000000, 0x00000000fcc90000, 0x0000000100000000)
  eden space 27264K, 0% used [0x00000000fa000000,0x00000000fa000000,0x00000000fbaa0000)
  from space 768K, 98% used [0x00000000fcbd0000,0x00000000fcc8c5b8,0x00000000fcc90000)
  to   space 1472K, 0% used [0x00000000fc9b0000,0x00000000fc9b0000,0x00000000fcb20000)
 ParOldGen       total 118976K, used 104757K [0x00000000e8000000, 0x00000000ef430000, 0x00000000fa000000)
  object space 118976K, 88% used [0x00000000e8000000,0x00000000ee64d6d8,0x00000000ef430000)
 PSPermGen       total 80000K, used 77930K [0x00000000e0000000, 0x00000000e4e20000, 0x00000000e8000000)
  object space 80000K, 97% used [0x00000000e0000000,0x00000000e4c1ab38,0x00000000e4e20000)
}
Event: 741326.716 GC heap before
{Heap before GC invocations=15204 (full 69):
 PSYoungGen      total 28032K, used 28017K [0x00000000fa000000, 0x00000000fcc90000, 0x0000000100000000)
  eden space 27264K, 100% used [0x00000000fa000000,0x00000000fbaa0000,0x00000000fbaa0000)
  from space 768K, 98% used [0x00000000fcbd0000,0x00000000fcc8c5b8,0x00000000fcc90000)
  to   space 1472K, 0% used [0x00000000fc9b0000,0x00000000fc9b0000,0x00000000fcb20000)
 ParOldGen       total 118976K, used 104757K [0x00000000e8000000, 0x00000000ef430000, 0x00000000fa000000)
  object space 118976K, 88% used [0x00000000e8000000,0x00000000ee64d6d8,0x00000000ef430000)
 PSPermGen       total 80000K, used 77930K [0x00000000e0000000, 0x00000000e4e20000, 0x00000000e8000000)
  object space 80000K, 97% used [0x00000000e0000000,0x00000000e4c1ab58,0x00000000e4e20000)
Event: 741326.721 GC heap after
Heap after GC invocations=15204 (full 69):
 PSYoungGen      total 27648K, used 1142K [0x00000000fa000000, 0x00000000fcbe0000, 0x0000000100000000)
  eden space 26496K, 0% used [0x00000000fa000000,0x00000000fa000000,0x00000000fb9e0000)
  from space 1152K, 99% used [0x00000000fc9b0000,0x00000000fcacd9e8,0x00000000fcad0000)
  to   space 1088K, 0% used [0x00000000fcad0000,0x00000000fcad0000,0x00000000fcbe0000)
 ParOldGen       total 118976K, used 113557K [0x00000000e8000000, 0x00000000ef430000, 0x00000000fa000000)
  object space 118976K, 95% used [0x00000000e8000000,0x00000000eeee5728,0x00000000ef430000)
 PSPermGen       total 80000K, used 77930K [0x00000000e0000000, 0x00000000e4e20000, 0x00000000e8000000)
  object space 80000K, 97% used [0x00000000e0000000,0x00000000e4c1ab58,0x00000000e4e20000)
}
Event: 741326.721 GC heap before
{Heap before GC invocations=15205 (full 70):
 PSYoungGen      total 27648K, used 1142K [0x00000000fa000000, 0x00000000fcbe0000, 0x0000000100000000)
  eden space 26496K, 0% used [0x00000000fa000000,0x00000000fa000000,0x00000000fb9e0000)
  from space 1152K, 99% used [0x00000000fc9b0000,0x00000000fcacd9e8,0x00000000fcad0000)
  to   space 1088K, 0% used [0x00000000fcad0000,0x00000000fcad0000,0x00000000fcbe0000)
 ParOldGen       total 118976K, used 113557K [0x00000000e8000000, 0x00000000ef430000, 0x00000000fa000000)
  object space 118976K, 95% used [0x00000000e8000000,0x00000000eeee5728,0x00000000ef430000)
 PSPermGen       total 80000K, used 77930K [0x00000000e0000000, 0x00000000e4e20000, 0x00000000e8000000)
  object space 80000K, 97% used [0x00000000e0000000,0x00000000e4c1ab58,0x00000000e4e20000)
Event: 741326.867 GC heap after
Heap after GC invocations=15205 (full 70):
 PSYoungGen      total 27648K, used 0K [0x00000000fa000000, 0x00000000fcbe0000, 0x0000000100000000)
  eden space 26496K, 0% used [0x00000000fa000000,0x00000000fa000000,0x00000000fb9e0000)
  from space 1152K, 0% used [0x00000000fc9b0000,0x00000000fc9b0000,0x00000000fcad0000)
  to   space 1088K, 0% used [0x00000000fcad0000,0x00000000fcad0000,0x00000000fcbe0000)
 ParOldGen       total 119168K, used 92500K [0x00000000e8000000, 0x00000000ef460000, 0x00000000fa000000)
  object space 119168K, 77% used [0x00000000e8000000,0x00000000eda55358,0x00000000ef460000)
 PSPermGen       total 79424K, used 77579K [0x00000000e0000000, 0x00000000e4d90000, 0x00000000e8000000)
  object space 79424K, 97% used [0x00000000e0000000,0x00000000e4bc2f18,0x00000000e4d90000)
}
Event: 741383.325 GC heap before
{Heap before GC invocations=15206 (full 70):
 PSYoungGen      total 27648K, used 26496K [0x00000000fa000000, 0x00000000fcbe0000, 0x0000000100000000)
  eden space 26496K, 100% used [0x00000000fa000000,0x00000000fb9e0000,0x00000000fb9e0000)
  from space 1152K, 0% used [0x00000000fc9b0000,0x00000000fc9b0000,0x00000000fcad0000)
  to   space 1088K, 0% used [0x00000000fcad0000,0x00000000fcad0000,0x00000000fcbe0000)
 ParOldGen       total 119168K, used 92500K [0x00000000e8000000, 0x00000000ef460000, 0x00000000fa000000)
  object space 119168K, 77% used [0x00000000e8000000,0x00000000eda55358,0x00000000ef460000)
 PSPermGen       total 79424K, used 77579K [0x00000000e0000000, 0x00000000e4d90000, 0x00000000e8000000)
  object space 79424K, 97% used [0x00000000e0000000,0x00000000e4bc2f18,0x00000000e4d90000)
Event: 741383.331 GC heap after
Heap after GC invocations=15206 (full 70):
 PSYoungGen      total 26560K, used 822K [0x00000000fa000000, 0x00000000fcba0000, 0x0000000100000000)
  eden space 25728K, 0% used [0x00000000fa000000,0x00000000fa000000,0x00000000fb920000)
  from space 832K, 98% used [0x00000000fcad0000,0x00000000fcb9d890,0x00000000fcba0000)
  to   space 1536K, 0% used [0x00000000fc8a0000,0x00000000fc8a0000,0x00000000fca20000)
 ParOldGen       total 119168K, used 103324K [0x00000000e8000000, 0x00000000ef460000, 0x00000000fa000000)
  object space 119168K, 86% used [0x00000000e8000000,0x00000000ee4e73a0,0x00000000ef460000)
 PSPermGen       total 79424K, used 77579K [0x00000000e0000000, 0x00000000e4d90000, 0x00000000e8000000)
  object space 79424K, 97% used [0x00000000e0000000,0x00000000e4bc2f18,0x00000000e4d90000)
}
Event: 741467.865 GC heap before
{Heap before GC invocations=15207 (full 70):
 PSYoungGen      total 26560K, used 26550K [0x00000000fa000000, 0x00000000fcba0000, 0x0000000100000000)
  eden space 25728K, 100% used [0x00000000fa000000,0x00000000fb920000,0x00000000fb920000)
  from space 832K, 98% used [0x00000000fcad0000,0x00000000fcb9d890,0x00000000fcba0000)
  to   space 1536K, 0% used [0x00000000fc8a0000,0x00000000fc8a0000,0x00000000fca20000)
 ParOldGen       total 119168K, used 103362K [0x00000000e8000000, 0x00000000ef460000, 0x00000000fa000000)
  object space 119168K, 86% used [0x00000000e8000000,0x00000000ee4f0bb0,0x00000000ef460000)
 PSPermGen       total 79424K, used 77580K [0x00000000e0000000, 0x00000000e4d90000, 0x00000000e8000000)
  object space 79424K, 97% used [0x00000000e0000000,0x00000000e4bc31b8,0x00000000e4d90000)
Event: 741467.877 GC heap after
Heap after GC invocations=15207 (full 70):
 PSYoungGen      total 26560K, used 1526K [0x00000000fa000000, 0x00000000fcae0000, 0x0000000100000000)
  eden space 25024K, 0% used [0x00000000fa000000,0x00000000fa000000,0x00000000fb870000)
  from space 1536K, 99% used [0x00000000fc8a0000,0x00000000fca1d890,0x00000000fca20000)
  to   space 768K, 0% used [0x00000000fca20000,0x00000000fca20000,0x00000000fcae0000)
 ParOldGen       total 119168K, used 103482K [0x00000000e8000000, 0x00000000ef460000, 0x00000000fa000000)
  object space 119168K, 86% used [0x00000000e8000000,0x00000000ee50ebb0,0x00000000ef460000)
 PSPermGen       total 79424K, used 77580K [0x00000000e0000000, 0x00000000e4d90000, 0x00000000e8000000)
  object space 79424K, 97% used [0x00000000e0000000,0x00000000e4bc31b8,0x00000000e4d90000)
}

